# JRE version: OpenJDK Runtime Environment Microsoft-32931 (17.0.3+7) (build 17.0.3+7-LTS)
# Java VM: OpenJDK 64-Bit Server VM Microsoft-32931 (17.0.3+7-LTS, mixed mode, tiered, compressed oops, compressed class ptrs, g1 gc, windows-amd64)
GC Precious Log:
 CPUs: 12 total, 12 available
 Memory: 28524M
 Large Page Support: Disabled
 NUMA Support: Disabled
 Compressed Oops: Enabled (Zero based)
 Heap Region Size: 4M
 Heap Min Capacity: 256M
 Heap Initial Capacity: 256M
 Heap Max Capacity: 8064M
 Pre-touch: Disabled
 Parallel Workers: 10
 Concurrent Workers: 3
 Concurrent Refinement Workers: 10
 Periodic GC: Disabled
Heap:
 garbage-first heap   total 1269760K, used 791393K [0x0000000608000000, 0x0000000800000000)
  region size 4096K, 95 young (389120K), 4 survivors (16384K)
 Metaspace       used 102121K, committed 104000K, reserved 1138688K
  class space    used 13806K, committed 14656K, reserved 1048576K
GC Heap History (20 events):
Event: 12.475 GC heap before
{Heap before GC invocations=34 (full 0):
 garbage-first heap   total 974848K, used 786069K [0x0000000608000000, 0x0000000800000000)
  region size 4096K, 142 young (581632K), 12 survivors (49152K)
 Metaspace       used 48983K, committed 50560K, reserved 1097728K
  class space    used 5568K, committed 6272K, reserved 1048576K
}
Event: 12.490 GC heap after
{Heap after GC invocations=35 (full 0):
 garbage-first heap   total 974848K, used 274347K [0x0000000608000000, 0x0000000800000000)
  region size 4096K, 15 young (61440K), 15 survivors (61440K)
 Metaspace       used 48983K, committed 50560K, reserved 1097728K
  class space    used 5568K, committed 6272K, reserved 1048576K
}
Event: 13.075 GC heap before
{Heap before GC invocations=35 (full 0):
 garbage-first heap   total 974848K, used 806827K [0x0000000608000000, 0x0000000800000000)
  region size 4096K, 142 young (581632K), 15 survivors (61440K)
 Metaspace       used 52227K, committed 53824K, reserved 1097728K
  class space    used 5980K, committed 6656K, reserved 1048576K
}
Event: 13.088 GC heap after
{Heap after GC invocations=36 (full 0):
 garbage-first heap   total 974848K, used 292385K [0x0000000608000000, 0x0000000800000000)
  region size 4096K, 11 young (45056K), 11 survivors (45056K)
 Metaspace       used 52227K, committed 53824K, reserved 1097728K
  class space    used 5980K, committed 6656K, reserved 1048576K
}
Event: 13.566 GC heap before
{Heap before GC invocations=36 (full 0):
 garbage-first heap   total 974848K, used 828961K [0x0000000608000000, 0x0000000800000000)
  region size 4096K, 142 young (581632K), 11 survivors (45056K)
 Metaspace       used 54069K, committed 55744K, reserved 1105920K
  class space    used 6239K, committed 6976K, reserved 1048576K
}
Event: 13.578 GC heap after
{Heap after GC invocations=37 (full 0):
 garbage-first heap   total 1171456K, used 298621K [0x0000000608000000, 0x0000000800000000)
  region size 4096K, 9 young (36864K), 9 survivors (36864K)
 Metaspace       used 54069K, committed 55744K, reserved 1105920K
  class space    used 6239K, committed 6976K, reserved 1048576K
}
Event: 14.036 GC heap before
{Heap before GC invocations=37 (full 0):
 garbage-first heap   total 1171456K, used 962173K [0x0000000608000000, 0x0000000800000000)
  region size 4096K, 171 young (700416K), 9 survivors (36864K)
 Metaspace       used 55382K, committed 57088K, reserved 1105920K
  class space    used 6305K, committed 7040K, reserved 1048576K
}
Event: 14.048 GC heap after
{Heap after GC invocations=38 (full 0):
 garbage-first heap   total 1171456K, used 311188K [0x0000000608000000, 0x0000000800000000)
  region size 4096K, 12 young (49152K), 12 survivors (49152K)
 Metaspace       used 55382K, committed 57088K, reserved 1105920K
  class space    used 6305K, committed 7040K, reserved 1048576K
}
Event: 14.569 GC heap before
{Heap before GC invocations=38 (full 0):
 garbage-first heap   total 1171456K, used 962452K [0x0000000608000000, 0x0000000800000000)
  region size 4096K, 171 young (700416K), 12 survivors (49152K)
 Metaspace       used 58162K, committed 59776K, reserved 1105920K
  class space    used 6588K, committed 7296K, reserved 1048576K
}
Event: 14.583 GC heap after
{Heap after GC invocations=39 (full 0):
 garbage-first heap   total 1171456K, used 322279K [0x0000000608000000, 0x0000000800000000)
  region size 4096K, 15 young (61440K), 15 survivors (61440K)
 Metaspace       used 58162K, committed 59776K, reserved 1105920K
  class space    used 6588K, committed 7296K, reserved 1048576K
}
Event: 15.175 GC heap before
{Heap before GC invocations=39 (full 0):
 garbage-first heap   total 1171456K, used 961255K [0x0000000608000000, 0x0000000800000000)
  region size 4096K, 171 young (700416K), 15 survivors (61440K)
 Metaspace       used 62130K, committed 63808K, reserved 1105920K
  class space    used 7378K, committed 8128K, reserved 1048576K
}
Event: 15.192 GC heap after
{Heap after GC invocations=40 (full 0):
 garbage-first heap   total 1171456K, used 337998K [0x0000000608000000, 0x0000000800000000)
  region size 4096K, 14 young (57344K), 14 survivors (57344K)
 Metaspace       used 62130K, committed 63808K, reserved 1105920K
  class space    used 7378K, committed 8128K, reserved 1048576K
}
Event: 15.795 GC heap before
{Heap before GC invocations=40 (full 0):
 garbage-first heap   total 1171456K, used 981070K [0x0000000608000000, 0x0000000800000000)
  region size 4096K, 171 young (700416K), 14 survivors (57344K)
 Metaspace       used 66446K, committed 68160K, reserved 1114112K
  class space    used 8039K, committed 8832K, reserved 1048576K
}
Event: 15.812 GC heap after
{Heap after GC invocations=41 (full 0):
 garbage-first heap   total 1409024K, used 348233K [0x0000000608000000, 0x0000000800000000)
  region size 4096K, 15 young (61440K), 15 survivors (61440K)
 Metaspace       used 66446K, committed 68160K, reserved 1114112K
  class space    used 8039K, committed 8832K, reserved 1048576K
}
Event: 16.627 GC heap before
{Heap before GC invocations=41 (full 0):
 garbage-first heap   total 1409024K, used 675913K [0x0000000608000000, 0x0000000800000000)
  region size 4096K, 96 young (393216K), 15 survivors (61440K)
 Metaspace       used 71346K, committed 73088K, reserved 1114112K
  class space    used 8744K, committed 9536K, reserved 1048576K
}
Event: 16.645 GC heap after
{Heap after GC invocations=42 (full 0):
 garbage-first heap   total 1409024K, used 362638K [0x0000000608000000, 0x0000000800000000)
  region size 4096K, 17 young (69632K), 17 survivors (69632K)
 Metaspace       used 71346K, committed 73088K, reserved 1114112K
  class space    used 8744K, committed 9536K, reserved 1048576K
}
Event: 18.793 GC heap before
{Heap before GC invocations=43 (full 0):
 garbage-first heap   total 1269760K, used 1054862K [0x0000000608000000, 0x0000000800000000)
  region size 4096K, 186 young (761856K), 17 survivors (69632K)
 Metaspace       used 89620K, committed 91456K, reserved 1130496K
  class space    used 12239K, committed 13056K, reserved 1048576K
}
Event: 18.823 GC heap after
{Heap after GC invocations=44 (full 0):
 garbage-first heap   total 1269760K, used 408832K [0x0000000608000000, 0x0000000800000000)
  region size 4096K, 24 young (98304K), 24 survivors (98304K)
 Metaspace       used 89620K, committed 91456K, reserved 1130496K
  class space    used 12239K, committed 13056K, reserved 1048576K
}
Event: 18.828 GC heap before
{Heap before GC invocations=44 (full 0):
 garbage-first heap   total 1269760K, used 412928K [0x0000000608000000, 0x0000000800000000)
  region size 4096K, 25 young (102400K), 24 survivors (98304K)
 Metaspace       used 89620K, committed 91456K, reserved 1130496K
  class space    used 12239K, committed 13056K, reserved 1048576K
}
Event: 18.851 GC heap after
{Heap after GC invocations=45 (full 0):
 garbage-first heap   total 1269760K, used 418657K [0x0000000608000000, 0x0000000800000000)
  region size 4096K, 4 young (16384K), 4 survivors (16384K)
 Metaspace       used 89620K, committed 91456K, reserved 1130496K
  class space    used 12239K, committed 13056K, reserved 1048576K
}

